--------------------------------------------------------------------------------
Release 14.7 Trace  (nt64)
Copyright (c) 1995-2013 Xilinx, Inc.  All rights reserved.

C:\Xilinx\14.7\ISE_DS\ISE\bin\nt64\unwrapped\trce.exe -intstyle ise -v 3 -s 2I
-n 3 -fastpaths -xml extensor.twx extensor.ncd -o extensor.twr extensor.pcf

Design file:              extensor.ncd
Physical constraint file: extensor.pcf
Device,package,speed:     xa7a100t,csg324,I,-2I (PRELIMINARY 1.07 2013-10-13)
Report level:             verbose report

Environment Variable      Effect 
--------------------      ------ 
NONE                      No environment variables were set
--------------------------------------------------------------------------------

INFO:Timing:2698 - No timing constraints found, doing default enumeration.
INFO:Timing:3412 - To improve timing, see the Timing Closure User Guide (UG612).
INFO:Timing:2752 - To get complete path coverage, use the unconstrained paths 
   option. All paths that are not constrained will be reported in the 
   unconstrained paths section(s) of the report.
INFO:Timing:3339 - The clock-to-out numbers in this timing report are based on 
   a 50 Ohm transmission line loading model.  For the details of this model, 
   and for more information on accounting for different loading conditions, 
   please see the device datasheet.



Data Sheet report:
-----------------
All values displayed in nanoseconds (ns)

Pad to Pad
---------------+---------------+---------+
Source Pad     |Destination Pad|  Delay  |
---------------+---------------+---------+
in<0>          |out<0>         |    5.028|
in<1>          |out<1>         |    4.903|
in<2>          |out<2>         |    4.851|
in<3>          |out<3>         |    5.043|
in<4>          |out<4>         |    4.882|
in<5>          |out<5>         |    5.025|
in<6>          |out<6>         |    4.899|
in<7>          |out<7>         |    5.033|
in<8>          |out<8>         |    5.456|
in<9>          |out<9>         |    5.068|
in<10>         |out<10>        |    5.402|
in<11>         |out<11>        |    5.073|
in<12>         |out<12>        |    5.425|
in<13>         |out<13>        |    5.061|
in<14>         |out<14>        |    5.439|
in<15>         |out<15>        |    5.058|
---------------+---------------+---------+


Analysis completed Thu Mar 23 09:47:59 2017 
--------------------------------------------------------------------------------

Trace Settings:
-------------------------
Trace Settings 

Peak Memory Usage: 619 MB



