Release 14.7 - xst P.20131013 (nt64)
Copyright (c) 1995-2013 Xilinx, Inc.  All rights reserved.
--> Parameter TMPDIR set to xst/projnav.tmp


Total REAL time to Xst completion: 0.00 secs
Total CPU time to Xst completion: 0.11 secs
 
--> Parameter xsthdpdir set to xst


Total REAL time to Xst completion: 0.00 secs
Total CPU time to Xst completion: 0.12 secs
 
--> Reading design: PC.prj

TABLE OF CONTENTS
  1) Synthesis Options Summary
  2) HDL Parsing
  3) HDL Elaboration
  4) HDL Synthesis
       4.1) HDL Synthesis Report
  5) Advanced HDL Synthesis
       5.1) Advanced HDL Synthesis Report
  6) Low Level Synthesis
  7) Partition Report
  8) Design Summary
       8.1) Primitive and Black Box Usage
       8.2) Device utilization summary
       8.3) Partition Resource Summary
       8.4) Timing Report
            8.4.1) Clock Information
            8.4.2) Asynchronous Control Signals Information
            8.4.3) Timing Summary
            8.4.4) Timing Details
            8.4.5) Cross Clock Domains Report


=========================================================================
*                      Synthesis Options Summary                        *
=========================================================================
---- Source Parameters
Input File Name                    : "PC.prj"
Ignore Synthesis Constraint File   : NO

---- Target Parameters
Output File Name                   : "PC"
Output Format                      : NGC
Target Device                      : xa7a100t-2I-csg324

---- Source Options
Top Module Name                    : PC
Automatic FSM Extraction           : YES
FSM Encoding Algorithm             : Auto
Safe Implementation                : No
FSM Style                          : LUT
RAM Extraction                     : Yes
RAM Style                          : Auto
ROM Extraction                     : Yes
Shift Register Extraction          : YES
ROM Style                          : Auto
Resource Sharing                   : YES
Asynchronous To Synchronous        : NO
Shift Register Minimum Size        : 2
Use DSP Block                      : Auto
Automatic Register Balancing       : No

---- Target Options
LUT Combining                      : Auto
Reduce Control Sets                : Auto
Add IO Buffers                     : YES
Global Maximum Fanout              : 100000
Add Generic Clock Buffer(BUFG)     : 32
Register Duplication               : YES
Optimize Instantiated Primitives   : NO
Use Clock Enable                   : Auto
Use Synchronous Set                : Auto
Use Synchronous Reset              : Auto
Pack IO Registers into IOBs        : Auto
Equivalent register Removal        : YES

---- General Options
Optimization Goal                  : Speed
Optimization Effort                : 1
Power Reduction                    : NO
Keep Hierarchy                     : No
Netlist Hierarchy                  : As_Optimized
RTL Output                         : Yes
Global Optimization                : AllClockNets
Read Cores                         : YES
Write Timing Constraints           : NO
Cross Clock Analysis               : NO
Hierarchy Separator                : /
Bus Delimiter                      : <>
Case Specifier                     : Maintain
Slice Utilization Ratio            : 100
BRAM Utilization Ratio             : 100
DSP48 Utilization Ratio            : 100
Auto BRAM Packing                  : NO
Slice Utilization Ratio Delta      : 5

=========================================================================


=========================================================================
*                          HDL Parsing                                  *
=========================================================================
Analyzing Verilog file "C:\Users\Bruno\Desktop\tste\Tp1\PC.v" into library work
Parsing module <PC>.

=========================================================================
*                            HDL Elaboration                            *
=========================================================================

Elaborating module <PC>.
WARNING:HDLCompiler:91 - "C:\Users\Bruno\Desktop\tste\Tp1\PC.v" Line 35: Signal <pc> missing in the sensitivity list is added for synthesis purposes. HDL and post-synthesis simulations may differ as a result.

=========================================================================
*                           HDL Synthesis                               *
=========================================================================

Synthesizing Unit <PC>.
    Related source file is "C:\Users\Bruno\Desktop\tste\Tp1\PC.v".
WARNING:Xst:647 - Input <clk> is never used. This port will be preserved and left unconnected if it belongs to a top-level block or it belongs to a sub-block and the hierarchy of this sub-block is preserved.
    Found 32-bit adder for signal <out> created at line 35.
    Summary:
	inferred   1 Adder/Subtractor(s).
Unit <PC> synthesized.

=========================================================================
HDL Synthesis Report

Macro Statistics
# Adders/Subtractors                                   : 1
 32-bit adder                                          : 1

=========================================================================

=========================================================================
*                       Advanced HDL Synthesis                          *
=========================================================================

WARNING:Xst - The specified part-type was not generated at build time. XST is loading the full part-type and will therefore consume more CPU and memory.
Loading device for application Rf_Device from file '7a100t.nph' in environment C:\Xilinx\14.7\ISE_DS\ISE\.
Loading device for application Rf_Device from file '7a100t.nph' in environment C:\Xilinx\14.7\ISE_DS\ISE\.

=========================================================================
Advanced HDL Synthesis Report

Macro Statistics
# Adders/Subtractors                                   : 1
 32-bit adder                                          : 1

=========================================================================

=========================================================================
*                         Low Level Synthesis                           *
=========================================================================

Optimizing unit <PC> ...

Mapping all equations...
Building and optimizing final netlist ...
Found area constraint ratio of 100 (+ 5) on block PC, actual ratio is 0.

Final Macro Processing ...

=========================================================================
Final Register Report

Found no macro
=========================================================================

=========================================================================
*                           Partition Report                            *
=========================================================================

Partition Implementation Status
-------------------------------

  No Partitions were found in this design.

-------------------------------

=========================================================================
*                            Design Summary                             *
=========================================================================

Top Level Output File Name         : PC.ngc

Primitive and Black Box Usage:
------------------------------
# BELS                             : 96
#      GND                         : 1
#      INV                         : 1
#      LUT1                        : 30
#      MUXCY                       : 31
#      VCC                         : 1
#      XORCY                       : 32
# IO Buffers                       : 64
#      IBUF                        : 32
#      OBUF                        : 32

Device utilization summary:
---------------------------

Selected Device : xa7a100tcsg324-2i 


Slice Logic Utilization: 
 Number of Slice LUTs:                   31  out of  63400     0%  
    Number used as Logic:                31  out of  63400     0%  

Slice Logic Distribution: 
 Number of LUT Flip Flop pairs used:     31
   Number with an unused Flip Flop:      31  out of     31   100%  
   Number with an unused LUT:             0  out of     31     0%  
   Number of fully used LUT-FF pairs:     0  out of     31     0%  
   Number of unique control sets:         0

IO Utilization: 
 Number of IOs:                          65
 Number of bonded IOBs:                  64  out of    210    30%  

Specific Feature Utilization:

---------------------------
Partition Resource Summary:
---------------------------

  No Partitions were found in this design.

---------------------------


=========================================================================
Timing Report

NOTE: THESE TIMING NUMBERS ARE ONLY A SYNTHESIS ESTIMATE.
      FOR ACCURATE TIMING INFORMATION PLEASE REFER TO THE TRACE REPORT
      GENERATED AFTER PLACE-and-ROUTE.

Clock Information:
------------------
No clock signals found in this design

Asynchronous Control Signals Information:
----------------------------------------
No asynchronous control signals found in this design

Timing Summary:
---------------
Speed Grade: -2

   Minimum period: No path found
   Minimum input arrival time before clock: No path found
   Maximum output required time after clock: No path found
   Maximum combinational path delay: 2.205ns

Timing Details:
---------------
All values displayed in nanoseconds (ns)

=========================================================================
Timing constraint: Default path analysis
  Total number of paths / destination ports: 528 / 32
-------------------------------------------------------------------------
Delay:               2.205ns (Levels of Logic = 35)
  Source:            pc<0> (PAD)
  Destination:       out<31> (PAD)

  Data Path: pc<0> to out<31>
                                Gate     Net
    Cell:in->out      fanout   Delay   Delay  Logical Name (Net Name)
    ----------------------------------------  ------------
     IBUF:I->O             1   0.001   0.339  pc_0_IBUF (pc_0_IBUF)
     INV:I->O              1   0.113   0.000  Madd_out_lut<0>_INV_0 (Madd_out_lut<0>)
     MUXCY:S->O            1   0.353   0.000  Madd_out_cy<0> (Madd_out_cy<0>)
     MUXCY:CI->O           1   0.023   0.000  Madd_out_cy<1> (Madd_out_cy<1>)
     MUXCY:CI->O           1   0.023   0.000  Madd_out_cy<2> (Madd_out_cy<2>)
     MUXCY:CI->O           1   0.023   0.000  Madd_out_cy<3> (Madd_out_cy<3>)
     MUXCY:CI->O           1   0.023   0.000  Madd_out_cy<4> (Madd_out_cy<4>)
     MUXCY:CI->O           1   0.023   0.000  Madd_out_cy<5> (Madd_out_cy<5>)
     MUXCY:CI->O           1   0.023   0.000  Madd_out_cy<6> (Madd_out_cy<6>)
     MUXCY:CI->O           1   0.023   0.000  Madd_out_cy<7> (Madd_out_cy<7>)
     MUXCY:CI->O           1   0.023   0.000  Madd_out_cy<8> (Madd_out_cy<8>)
     MUXCY:CI->O           1   0.023   0.000  Madd_out_cy<9> (Madd_out_cy<9>)
     MUXCY:CI->O           1   0.023   0.000  Madd_out_cy<10> (Madd_out_cy<10>)
     MUXCY:CI->O           1   0.023   0.000  Madd_out_cy<11> (Madd_out_cy<11>)
     MUXCY:CI->O           1   0.023   0.000  Madd_out_cy<12> (Madd_out_cy<12>)
     MUXCY:CI->O           1   0.023   0.000  Madd_out_cy<13> (Madd_out_cy<13>)
     MUXCY:CI->O           1   0.023   0.000  Madd_out_cy<14> (Madd_out_cy<14>)
     MUXCY:CI->O           1   0.023   0.000  Madd_out_cy<15> (Madd_out_cy<15>)
     MUXCY:CI->O           1   0.023   0.000  Madd_out_cy<16> (Madd_out_cy<16>)
     MUXCY:CI->O           1   0.023   0.000  Madd_out_cy<17> (Madd_out_cy<17>)
     MUXCY:CI->O           1   0.023   0.000  Madd_out_cy<18> (Madd_out_cy<18>)
     MUXCY:CI->O           1   0.023   0.000  Madd_out_cy<19> (Madd_out_cy<19>)
     MUXCY:CI->O           1   0.023   0.000  Madd_out_cy<20> (Madd_out_cy<20>)
     MUXCY:CI->O           1   0.023   0.000  Madd_out_cy<21> (Madd_out_cy<21>)
     MUXCY:CI->O           1   0.023   0.000  Madd_out_cy<22> (Madd_out_cy<22>)
     MUXCY:CI->O           1   0.023   0.000  Madd_out_cy<23> (Madd_out_cy<23>)
     MUXCY:CI->O           1   0.023   0.000  Madd_out_cy<24> (Madd_out_cy<24>)
     MUXCY:CI->O           1   0.023   0.000  Madd_out_cy<25> (Madd_out_cy<25>)
     MUXCY:CI->O           1   0.023   0.000  Madd_out_cy<26> (Madd_out_cy<26>)
     MUXCY:CI->O           1   0.023   0.000  Madd_out_cy<27> (Madd_out_cy<27>)
     MUXCY:CI->O           1   0.023   0.000  Madd_out_cy<28> (Madd_out_cy<28>)
     MUXCY:CI->O           1   0.023   0.000  Madd_out_cy<29> (Madd_out_cy<29>)
     MUXCY:CI->O           0   0.023   0.000  Madd_out_cy<30> (Madd_out_cy<30>)
     XORCY:CI->O           1   0.370   0.339  Madd_out_xor<31> (out_31_OBUF)
     OBUF:I->O                 0.000          out_31_OBUF (out<31>)
    ----------------------------------------
    Total                      2.205ns (1.527ns logic, 0.678ns route)
                                       (69.2% logic, 30.8% route)

=========================================================================

Cross Clock Domains Report:
--------------------------

=========================================================================


Total REAL time to Xst completion: 39.00 secs
Total CPU time to Xst completion: 39.29 secs
 
--> 

Total memory usage is 815352 kilobytes

Number of errors   :    0 (   0 filtered)
Number of warnings :    3 (   0 filtered)
Number of infos    :    0 (   0 filtered)

